<?xml version="1.0" encoding="UTF-8"?>
<!-- Generated by org.testng.reporters.JUnitXMLReporter -->
<testsuite hostname="Selimind61" ignored="0" name="Cucumber Tests" tests="3" failures="1" timestamp="21 Mar 2019 20:56:54 GMT" time="233.085" errors="0">
  <testcase name="feature" time="38.364" classname="cucumber.api.testng.AbstractTestNGCucumberTests"/>
  <testcase name="feature" time="80.31" classname="cucumber.api.testng.AbstractTestNGCucumberTests"/>
  <testcase name="feature" time="113.085" classname="cucumber.api.testng.AbstractTestNGCucumberTests">
    <failure type="cucumber.runtime.CucumberException" message="junit.framework.ComparisonFailure: expected:&amp;lt;[Register: Mercury Tours]&amp;gt; but was:&amp;lt;[newtours.demoaut.com]&amp;gt;">
      <![CDATA[cucumber.runtime.CucumberException: junit.framework.ComparisonFailure: expected:<[Register: Mercury Tours]> but was:<[newtours.demoaut.com]>
at cucumber.api.testng.TestNGCucumberRunner.runCucumber(TestNGCucumberRunner.java:69)
at cucumber.api.testng.AbstractTestNGCucumberTests.feature(AbstractTestNGCucumberTests.java:21)
Caused by: junit.framework.ComparisonFailure: expected:<[Register: Mercury Tours]> but was:<[newtours.demoaut.com]>
at junit.framework.Assert.assertEquals(Assert.java:100)
at junit.framework.Assert.assertEquals(Assert.java:107)
at stepdefinitions.NewtourTravelSteps.user_is_registered_successfully(NewtourTravelSteps.java:135)
at âœ½.Then user is registered successfully(newtourtravel.feature:21)
... Removed 25 stack frames]]>
    </failure>
  </testcase> <!-- feature -->
</testsuite> <!-- Cucumber Tests -->
